<?xml version="1.0" encoding="UTF-8"?>
<!-- Generated by org.testng.reporters.JUnitReportReporter -->
<testsuite skipped="0" hostname="DESKTOP-LJGGELE" name="testcases.LoginTest" tests="2" failures="0" timestamp="2023-02-19T16:30:15 CET" time="10.983" errors="0">
  <testcase name="loginToApplication" time="7.289" classname="testcases.LoginTest"/>
  <system-out/>
  <testcase name="loginToApplication" time="3.694" classname="testcases.LoginTest"/>
  <system-out/>
</testsuite> <!-- testcases.LoginTest -->
